<?xml version="1.0" encoding="UTF-8"?>
<!-- Generated by org.testng.reporters.JUnitReportReporter -->
<testsuite hostname="TYSS-Sanganagouda" failures="0" tests="1" name="CookiesAndHeaders" time="4.121" errors="0" timestamp="2023-10-07T12:21:01 IST" skipped="0">
  <testcase classname="CookiesAndHeaders" name="getHeaderValues" time="4.121"/>
  <system-out/>
</testsuite> <!-- CookiesAndHeaders -->
