<?xml version="1.0" encoding="UTF-8"?>
<!-- Generated by org.testng.reporters.JUnitReportReporter -->
<testsuite hostname="TYSS-Sanganagouda" failures="0" tests="1" name="BasicScriptsCreations" time="3.915" errors="0" timestamp="2023-10-01T20:16:02 IST" skipped="0">
  <testcase classname="BasicScriptsCreations" name="GetAllUser" time="3.915"/>
  <system-out/>
</testsuite> <!-- BasicScriptsCreations -->
