<?xml version="1.0" encoding="UTF-8"?>
<!-- Generated by org.testng.reporters.JUnitReportReporter -->
<testsuite hostname="TYSS-Sanganagouda" failures="0" tests="1" name="libraries.APIChaining" time="4.233" errors="0" timestamp="2023-11-19T11:03:12 IST" skipped="0">
  <testcase classname="libraries.APIChaining" name="creatingUser" time="4.233"/>
  <system-out/>
</testsuite> <!-- libraries.APIChaining -->
