<?xml version="1.0" encoding="UTF-8"?>
<!-- Generated by org.testng.reporters.JUnitReportReporter -->
<testsuite hostname="TYSS-Sanganagouda" failures="0" tests="1" name="XMLSchemaValidator" time="3.698" errors="0" timestamp="2023-10-25T22:50:11 IST" skipped="0">
  <testcase classname="XMLSchemaValidator" name="xmlSchemaValidator" time="3.698"/>
  <system-out/>
</testsuite> <!-- XMLSchemaValidator -->
