<?xml version="1.0" encoding="UTF-8"?>
<!-- Generated by org.testng.reporters.JUnitReportReporter -->
<testsuite hostname="TYSS-Sanganagouda" failures="0" tests="1" name="FileUpload" time="6.546" errors="0" timestamp="2023-10-16T17:44:10 IST" skipped="0">
  <testcase classname="FileUpload" name="sigleFileUpload" time="6.546"/>
  <system-out/>
</testsuite> <!-- FileUpload -->
