<?xml version="1.0" encoding="UTF-8"?>
<!-- Generated by org.testng.reporters.JUnitReportReporter -->
<testsuite hostname="TYSS-Sanganagouda" failures="0" tests="1" name="ApiChain.CreateUser" time="3.881" errors="0" timestamp="2023-11-19T13:26:22 IST" skipped="0">
  <testcase classname="ApiChain.CreateUser" name="creatingUser" time="3.881"/>
  <system-out/>
</testsuite> <!-- ApiChain.CreateUser -->
