<?xml version="1.0" encoding="UTF-8"?>
<!-- Generated by org.testng.reporters.JUnitReportReporter -->
<testsuite hostname="TYSS-Sanganagouda" failures="0" tests="1" name="PathParameterAndQueryParameters" time="3.380" errors="0" timestamp="2023-10-05T23:40:20 IST" skipped="0">
  <testcase classname="PathParameterAndQueryParameters" name="queryParameter" time="3.380"/>
  <system-out/>
</testsuite> <!-- PathParameterAndQueryParameters -->
