<?xml version="1.0" encoding="UTF-8"?>
<!-- Generated by org.testng.reporters.JUnitReportReporter -->
<testsuite hostname="TYSS-Sanganagouda" failures="0" tests="1" name="JsonSchemeValidator" time="4.194" errors="0" timestamp="2023-10-25T22:20:16 IST" skipped="0">
  <testcase classname="JsonSchemeValidator" name="jsonSchemaValidator" time="4.194"/>
  <system-out/>
</testsuite> <!-- JsonSchemeValidator -->
