<?xml version="1.0" encoding="UTF-8"?>
<!-- Generated by org.testng.reporters.JUnitReportReporter -->
<testsuite hostname="TYSS-Sanganagouda" failures="0" tests="1" name="DifWaysToCreatePostRequest" time="3.196" errors="0" timestamp="2023-12-01T14:54:31 IST" skipped="0">
  <testcase classname="DifWaysToCreatePostRequest" name="creatingUserByPOJO" time="3.196"/>
  <system-out/>
</testsuite> <!-- DifWaysToCreatePostRequest -->
