<?xml version="1.0" encoding="UTF-8"?>
<!-- Generated by org.testng.reporters.JUnitReportReporter -->
<testsuite hostname="TYSS-Sanganagouda" failures="0" tests="1" name="ParsingXML" time="1.798" errors="0" timestamp="2023-10-10T00:00:48 IST" skipped="0">
  <testcase classname="ParsingXML" name="parsingXMLData" time="1.798"/>
  <system-out/>
</testsuite> <!-- ParsingXML -->
