<?xml version="1.0" encoding="UTF-8"?>
<!-- Generated by org.testng.reporters.JUnitReportReporter -->
<testsuite hostname="TYSS-Sanganagouda" failures="0" tests="4" name="BasicHttsRequests" time="5.777" errors="0" timestamp="2023-10-01T22:59:25 IST" skipped="0">
  <testcase classname="BasicHttsRequests" name="getUserFromPage" time="3.440"/>
  <system-out/>
  <testcase classname="BasicHttsRequests" name="createAUser" time="1.131"/>
  <system-out/>
  <testcase classname="BasicHttsRequests" name="updateUser" time="0.567"/>
  <system-out/>
  <testcase classname="BasicHttsRequests" name="deleteUser" time="0.639"/>
  <system-out/>
</testsuite> <!-- BasicHttsRequests -->
